System enumeration log file: ./logs/sysinfo_31012025_073319.log
Reconnaissance recorded at: sex 31 jan 2025 07:33:19 -03
===========================================================
# SECTION: SYSTEM INFORMATION

[2025-01-31 07:33:19]
=== Kernel ===
5.15.153.1-microsoft-standard-WSL2

[2025-01-31 07:33:19]
=== OS Info ===
Distributor ID:	Kali
Description:	Kali GNU/Linux Rolling
Release:	2024.4
Codename:	kali-rolling

[2025-01-31 07:33:20]
=== System Uptime ===
up 23 hours, 42 minutes

# SECTION: CPU & MEMORY INFO

[2025-01-31 07:33:20]
=== CPU Information ===
Model name:                         AMD Ryzen 7 3750H with Radeon Vega Mobile Gfx

[2025-01-31 07:33:20]
=== Memory Usage ===
               total       usada       livre    compart.  buff/cache  disponível
Mem.:           14Gi       1,5Gi       497Mi        44Mi        13Gi        13Gi
Swap:          4,0Gi       2,0Mi       4,0Gi

# SECTION: LOADED KERNEL MODULES

[2025-01-31 07:33:20]
=== Active Kernel Modules ===
Module                  Size  Used by

# SECTION: VIRTUALIZATION & CONTAINER DETECTION

[2025-01-31 07:33:20]
=== Virtualization Type ===
wsl

[2025-01-31 07:33:20]
=== Running Inside Docker? ===
Not inside a Docker container.

# SECTION: USERS LIST

[2025-01-31 07:33:20]
=== Users List ===
root:x:0:0:root:/root:/usr/bin/zsh
daemon:x:1:1:daemon:/usr/sbin:/usr/sbin/nologin
bin:x:2:2:bin:/bin:/usr/sbin/nologin
sys:x:3:3:sys:/dev:/usr/sbin/nologin
sync:x:4:65534:sync:/bin:/bin/sync
games:x:5:60:games:/usr/games:/usr/sbin/nologin
man:x:6:12:man:/var/cache/man:/usr/sbin/nologin
lp:x:7:7:lp:/var/spool/lpd:/usr/sbin/nologin
mail:x:8:8:mail:/var/mail:/usr/sbin/nologin
news:x:9:9:news:/var/spool/news:/usr/sbin/nologin
uucp:x:10:10:uucp:/var/spool/uucp:/usr/sbin/nologin
proxy:x:13:13:proxy:/bin:/usr/sbin/nologin
www-data:x:33:33:www-data:/var/www:/usr/sbin/nologin
backup:x:34:34:backup:/var/backups:/usr/sbin/nologin
list:x:38:38:Mailing List Manager:/var/list:/usr/sbin/nologin
irc:x:39:39:ircd:/run/ircd:/usr/sbin/nologin
_apt:x:42:65534::/nonexistent:/usr/sbin/nologin
nobody:x:65534:65534:nobody:/nonexistent:/usr/sbin/nologin
systemd-network:x:998:998:systemd Network Management:/:/usr/sbin/nologin
messagebus:x:100:102::/nonexistent:/usr/sbin/nologin
tcpdump:x:101:103::/nonexistent:/usr/sbin/nologin
sshd:x:102:65534::/run/sshd:/usr/sbin/nologin
r3v4n:x:1000:1000:,,,:/home/r3v4n:/bin/bash
tss:x:103:106:TPM software stack,,,:/var/lib/tpm:/bin/false
strongswan:x:104:65534::/var/lib/strongswan:/usr/sbin/nologin
xrdp:x:105:108::/run/xrdp:/usr/sbin/nologin
dnsmasq:x:999:65534:dnsmasq:/var/lib/misc:/usr/sbin/nologin
avahi:x:106:110:Avahi mDNS daemon,,,:/run/avahi-daemon:/usr/sbin/nologin
nm-openvpn:x:107:111:NetworkManager OpenVPN,,,:/var/lib/openvpn/chroot:/usr/sbin/nologin
speech-dispatcher:x:108:29:Speech Dispatcher,,,:/run/speech-dispatcher:/bin/false
usbmux:x:109:46:usbmux daemon,,,:/var/lib/usbmux:/usr/sbin/nologin
nm-openconnect:x:110:112:NetworkManager OpenConnect plugin,,,:/var/lib/NetworkManager:/usr/sbin/nologin
pulse:x:111:113:PulseAudio daemon,,,:/run/pulse:/usr/sbin/nologin
lightdm:x:112:116:Light Display Manager:/var/lib/lightdm:/bin/false
saned:x:113:118::/var/lib/saned:/usr/sbin/nologin
polkitd:x:992:992:User for polkitd:/:/usr/sbin/nologin
rtkit:x:114:119:RealtimeKit,,,:/proc:/usr/sbin/nologin
colord:x:115:120:colord colour management daemon,,,:/var/lib/colord:/usr/sbin/nologin
_galera:x:116:65534::/nonexistent:/usr/sbin/nologin
mysql:x:117:122:MariaDB Server,,,:/nonexistent:/bin/false
stunnel4:x:991:991:stunnel service system account:/var/run/stunnel4:/usr/sbin/nologin
_rpc:x:118:65534::/run/rpcbind:/usr/sbin/nologin
geoclue:x:119:123::/var/lib/geoclue:/usr/sbin/nologin
Debian-snmp:x:120:124::/var/lib/snmp:/bin/false
sslh:x:121:125::/nonexistent:/usr/sbin/nologin
arpwatch:x:122:127:ARP Watcher,,,:/var/lib/arpwatch:/bin/sh
ntpsec:x:123:128::/nonexistent:/usr/sbin/nologin
Debian-exim:x:124:129::/var/spool/exim4:/usr/sbin/nologin
cups-pk-helper:x:125:130:user for cups-pk-helper service,,,:/nonexistent:/usr/sbin/nologin
redsocks:x:126:131::/var/run/redsocks:/usr/sbin/nologin
_gophish:x:127:133::/var/lib/gophish:/usr/sbin/nologin
iodine:x:128:65534::/run/iodine:/usr/sbin/nologin
miredo:x:129:65534::/var/run/miredo:/usr/sbin/nologin
statd:x:130:65534::/var/lib/nfs:/usr/sbin/nologin
redis:x:131:134::/var/lib/redis:/usr/sbin/nologin
postgres:x:132:135:PostgreSQL administrator,,,:/var/lib/postgresql:/bin/bash
mosquitto:x:133:136::/var/lib/mosquitto:/usr/sbin/nologin
inetsim:x:134:137::/var/lib/inetsim:/usr/sbin/nologin
_gvm:x:135:139::/var/lib/openvas:/usr/sbin/nologin
dradis:x:136:140::/var/lib/dradis:/usr/sbin/nologin
beef-xss:x:137:141::/var/lib/beef-xss:/usr/sbin/nologin
_caldera:x:138:142::/var/lib/caldera:/usr/sbin/nologin
_sentrypeer:x:139:143::/var/lib/sentrypeer:/usr/sbin/nologin
freerad-wpe:x:140:145::/etc/freeradius-wpe:/usr/sbin/nologin
uuidd:x:141:146::/run/uuidd:/usr/sbin/nologin
clamav:x:142:147::/var/lib/clamav:/bin/false
_defectdojo:x:143:148::/var/log/defectdojo:/usr/sbin/nologin
_dvwa:x:144:149::/var/log/dvwa:/usr/sbin/nologin
_juice:x:145:150::/var/lib/juice-shop:/usr/sbin/nologin
debian-tor:x:146:151::/var/lib/tor:/bin/false

# SECTION: USERS WITH SUDO PRIVILEGES

[2025-01-31 07:33:20]
=== Sudo-Enabled Users ===
r3v4n

[2025-01-31 07:33:20]
=== Root-owned User Accounts ===
root

# SECTION: ACTIVE SSH SESSIONS

[2025-01-31 07:33:20]
=== SSH Users ===
r3v4n    pts/2        2025-01-30 07:54
root     pts/4        2025-01-31 06:42 (:2.0)

# SECTION: FAILED LOGIN ATTEMPTS

[2025-01-31 07:33:20]
=== Failed Logins (Systemd-based) ===


# SECTION: NETWORK INFORMATION

[2025-01-31 07:33:20]
=== Hostname ===
R3DR4G0N

[2025-01-31 07:33:20]
=== Domain ===


[2025-01-31 07:33:20]
=== Network Interfaces ===
lo               UNKNOWN        127.0.0.1/8 10.255.255.254/32 ::1/128 
eth0             UP             172.21.147.145/20 fe80::215:5dff:fefe:628f/64 

# SECTION: OPEN PORTS

[2025-01-31 07:33:20]
=== Top 10 Listening Ports ===
State  Recv-Q Send-Q  Local Address:Port Peer Address:PortProcess                              
LISTEN 0      5             0.0.0.0:5902      0.0.0.0:*    users:(("Xtigervnc",pid=5388,fd=9)) 
LISTEN 0      1000   10.255.255.254:53        0.0.0.0:*                                        
LISTEN 0      4096        127.0.0.1:9050      0.0.0.0:*    users:(("tor",pid=541,fd=6))        
LISTEN 0      5                [::]:5902         [::]:*    users:(("Xtigervnc",pid=5388,fd=10))

# SECTION: ACTIVE SERVICES

[2025-01-31 07:33:20]
=== Running Systemd Services ===
  UNIT                     LOAD   ACTIVE SUB     DESCRIPTION
  accounts-daemon.service  loaded active running Accounts Service
  colord.service           loaded active running Manage, Install and Generate Color Profiles
  console-getty.service    loaded active running Console Getty
  cron.service             loaded active running Regular background program processing daemon
  dbus.service             loaded active running D-Bus System Message Bus
  getty@tty1.service       loaded active running Getty on tty1
  haveged.service          loaded active running Entropy Daemon based on the HAVEGE algorithm
  NetworkManager.service   loaded active running Network Manager
  polkit.service           loaded active running Authorization Manager
  rtkit-daemon.service     loaded active running RealtimeKit Scheduling Policy Service
  systemd-journald.service loaded active running Journal Service
  systemd-logind.service   loaded active running User Login Management
  systemd-udevd.service    loaded active running Rule-based Manager for Device Events and Files
  tor@default.service      loaded active running Anonymizing overlay network for TCP

# SECTION: ACTIVE CONNECTIONS

[2025-01-31 07:33:20]
=== Top 25 TCP & UDP Connections ===
Netid State  Recv-Q Send-Q  Local Address:Port    Peer Address:Port Process                              
udp   UNCONN 0      0      10.255.255.254:53           0.0.0.0:*                                         
udp   UNCONN 0      0           127.0.0.1:323          0.0.0.0:*                                         
udp   UNCONN 0      0               [::1]:323             [::]:*                                         
tcp   LISTEN 0      5             0.0.0.0:5902         0.0.0.0:*     users:(("Xtigervnc",pid=5388,fd=9)) 
tcp   LISTEN 0      1000   10.255.255.254:53           0.0.0.0:*                                         
tcp   LISTEN 0      4096        127.0.0.1:9050         0.0.0.0:*     users:(("tor",pid=541,fd=6))        
tcp   ESTAB  0      536    172.21.147.145:36678 128.52.132.189:9001  users:(("tor",pid=541,fd=14))       
tcp   ESTAB  0      0      172.21.147.145:41426  45.141.215.21:9500  users:(("tor",pid=541,fd=11))       
tcp   ESTAB  0      0           127.0.0.1:5902       127.0.0.1:47324 users:(("Xtigervnc",pid=5388,fd=34))
tcp   ESTAB  0      171         127.0.0.1:47324      127.0.0.1:5902                                      
tcp   LISTEN 0      5                [::]:5902            [::]:*     users:(("Xtigervnc",pid=5388,fd=10))

# SECTION: FIREWALL RULES

[2025-01-31 07:33:20]
=== Firewall Rules ===
Chain INPUT (policy ACCEPT 0 packets, 0 bytes)
 pkts bytes target     prot opt in     out     source               destination         

Chain FORWARD (policy ACCEPT 0 packets, 0 bytes)
 pkts bytes target     prot opt in     out     source               destination         

Chain OUTPUT (policy ACCEPT 0 packets, 0 bytes)
 pkts bytes target     prot opt in     out     source               destination         

# SECTION: ROUTING TABLE

[2025-01-31 07:33:20]
=== Routing Table ===
Tabela de Roteamento IP do Kernel
Destino         Roteador        MáscaraGen.    Opções Métrica Ref   Uso Iface
0.0.0.0         172.21.144.1    0.0.0.0         UG    0      0        0 eth0
172.21.144.0    0.0.0.0         255.255.240.0   U     0      0        0 eth0

[2025-01-31 07:33:20]
=== IP Route ===
default via 172.21.144.1 dev eth0 proto kernel 
172.21.144.0/20 dev eth0 proto kernel scope link src 172.21.147.145 

# SECTION: ARP TABLE

[2025-01-31 07:33:20]
=== ARP Table ===
R3DR4G0N.mshome.net (172.21.144.1) em 00:15:5d:f8:00:31 [ether] em eth0

[2025-01-31 07:33:20]
=== IP Neighbors ===
172.21.144.1 dev eth0 lladdr 00:15:5d:f8:00:31 REACHABLE 

# SECTION: DNS SERVERS

[2025-01-31 07:33:20]
=== DNS Servers ===
nameserver 10.255.255.254

[2025-01-31 07:33:20]
=== Current DNS Servers ===
nameserver 10.255.255.254

# SECTION: CONNECTED USB DEVICES

[2025-01-31 07:33:21]
=== USB Devices ===
Bus 001 Device 001: ID 1d6b:0002 Linux Foundation 2.0 root hub
Bus 002 Device 001: ID 1d6b:0003 Linux Foundation 3.0 root hub

# SECTION: SCHEDULED TASKS & CRON JOBS

[2025-01-31 07:33:21]
=== User Cron Jobs ===
No user crontabs found.

[2025-01-31 07:33:21]
=== System-Wide Cron Jobs ===
-rw-r--r-- 1 root root 1042 mar 26  2024 /etc/crontab

/etc/cron.d:
total 48
drwxr-xr-x   2 root root  4096 dez  1 00:19 .
drwxr-xr-x 228 root root 12288 jan 30 15:39 ..
-rw-r--r--   1 root root   188 mai 20  2024 e2scrub_all
-rw-r--r--   1 root root   331 jul 13  2023 geoipupdate
-rw-r--r--   1 root root   607 set 17 22:56 john
-rw-r--r--   1 root root   140 mar 10  2024 ntpsec
-rw-r--r--   1 root root   712 jul 13  2022 php
-rw-r--r--   1 root root   102 mar 26  2024 .placeholder
-rw-r--r--   1 root root   400 jan 15  2024 sysstat
-rw-r--r--   1 root root   294 fev 10  2018 tiger

/etc/cron.daily:
total 72
drwxr-xr-x   2 root root  4096 dez  1 00:20 .
drwxr-xr-x 228 root root 12288 jan 30 15:39 ..
-rwxr-xr-x   1 root root   539 set 28 05:35 apache2
-rwxr-xr-x   1 root root  1478 jun 20  2024 apt-compat
-rwxr-xr-x   1 root root   161 set 26 03:10 chkrootkit
-rwxr-xr-x   1 root root   123 abr 25  2024 dpkg
-rwxr-xr-x   1 root root  4722 jun 17  2024 exim4-base
-rwxr-xr-x   1 root root   413 mai 29  2024 lighttpd
-rwxr-xr-x   1 root root   377 jul 14  2024 logrotate
-rwxr-xr-x   1 root root  1395 ago 29 09:33 man-db
-rw-r--r--   1 root root   102 mar 26  2024 .placeholder
-rwxr-xr-x   1 root root   652 dez  7  2020 plocate
-rwxr-xr-x   1 root root  1007 jun 18  2023 rkhunter
-rwxr-xr-x   1 root root   526 jan 15  2024 sysstat
-rwxr-xr-x   1 root root   123 jan 29  2014 tripwire

/etc/cron.hourly:
total 20
drwxr-xr-x   2 root root  4096 ago 31 03:07 .
drwxr-xr-x 228 root root 12288 jan 30 15:39 ..
-rw-r--r--   1 root root   102 mar 26  2024 .placeholder

/etc/cron.monthly:
total 20
drwxr-xr-x   2 root root  4096 ago 31 03:07 .
drwxr-xr-x 228 root root 12288 jan 30 15:39 ..
-rw-r--r--   1 root root   102 mar 26  2024 .placeholder

/etc/cron.weekly:
total 32
drwxr-xr-x   2 root root  4096 jan 22 12:14 .
drwxr-xr-x 228 root root 12288 jan 30 15:39 ..
-rwxr-xr-x   1 root root  1055 ago 29 09:33 man-db
-rw-r--r--   1 root root   102 mar 26  2024 .placeholder
-rwxr-xr-x   1 root root  1724 jun 18  2023 rkhunter
-rwxr-xr-x   1 root root   322 out 31 15:49 tor

/etc/cron.yearly:
total 20
drwxr-xr-x   2 root root  4096 ago 31 03:07 .
drwxr-xr-x 228 root root 12288 jan 30 15:39 ..
-rw-r--r--   1 root root   102 mar 26  2024 .placeholder

# SECTION: INSTALLED SECURITY TOOLS

[2025-01-31 07:33:21]
=== Security Tools (Debian-based) ===
ii  aircrack-ng                                      1:1.7+git20230807.4bf83f1a-2              amd64        wireless WEP/WPA cracking utilities
ii  amass                                            4.2.0-0kali1                              amd64        In-depth DNS Enumeration and Network Mapping
ii  amass-common                                     4.2.0-0kali1                              all          In-depth DNS Enumeration and Network Mapping
ii  bettercap                                        2.33.0-1kali1                             amd64        Complete, modular, portable and easily extensible MITM framework
ii  bettercap-caplets                                0+git20240106-2kali1                      all          Bettercap scripts (caplets) and proxy modules
ii  blue-hydra                                       1.9.19-0kali1                             amd64        Bluetooth device discovery service
ii  burpsuite                                        2024.9.4-0kali1                           amd64        platform for security testing of web applications
ii  dirb                                             2.22+dfsg-5+b1                            amd64        URL bruteforcing tool
ii  dirbuster                                        1.0-1kali6                                all          Web server directory brute-forcer
ii  ettercap-common                                  1:0.8.3.1-13+b1                           amd64        Multipurpose sniffer/interceptor/logger for switched LAN
ii  ettercap-text-only                               1:0.8.3.1-13+b1                           amd64        Ettercap console-mode executable
ii  exploitdb                                        20241116-0kali1                           all          Searchable Exploit Database archive
ii  ghidra                                           11.0+ds-0kali1                            amd64        Software Reverse Engineering Framework
ii  ghidra-data                                      10.5-0kali1                               all          FID databases for Ghidra
ii  gobuster                                         3.6.0-1+b4                                amd64        Directory/file & DNS busting tool written in Go
ii  hashcat                                          6.2.6+ds2-1                               amd64        World's fastest and most advanced password recovery utility
ii  hashcat-data                                     6.2.6+ds2-1                               all          Data files for hashcat advanced password recovery utility
ii  hashcat-utils                                    1.9-0kali2                                amd64        Set of small utilities for advanced password cracking
ii  hcxtools                                         6.3.4-1                                   amd64        Tools for converting captures to use with hashcat or John the Ripper
ii  hydra                                            9.5-3                                     amd64        very fast network logon cracker
ii  john                                             1.9.0-Jumbo-1+git20211102-0kali9          amd64        active password cracking tool
ii  john-data                                        1.9.0-Jumbo-1+git20211102-0kali9          all          active password cracking tool - character sets
ii  johnny                                           2.2+git20160807-0kali2+b1                 amd64        GUI for John the Ripper
ii  kismet                                           2023.07.R1-0kali6                         amd64        wireless network and device detector (metapackage)
ii  kismet-capture-common                            2023.07.R1-0kali6                         all          Kismet Capture common helper
ii  kismet-capture-hak5-wifi-coconut                 2023.07.R1-0kali6                         amd64        Kismet capture helper for WiFi Coconut
ii  kismet-capture-linux-bluetooth                   2023.07.R1-0kali6                         amd64        Kismet Linux Bluetooth capture helper
ii  kismet-capture-linux-wifi                        2023.07.R1-0kali6                         amd64        Kismet Linux Wi-Fi capture helper
ii  kismet-capture-nrf-51822                         2023.07.R1-0kali6                         amd64        Kismet NRF51822 BTLE Sniffer capture helper
ii  kismet-capture-nrf-52840                         2023.07.R1-0kali6                         amd64        Kismet NRF52840 BTLE Sniffer capture helper
ii  kismet-capture-nrf-mousejack                     2023.07.R1-0kali6                         amd64        Kismet nRF MouseJack capture helper
ii  kismet-capture-nxp-kw41z                         2023.07.R1-0kali6                         amd64        Kismet NXP KW41Z BTLE and Zigbee Sniffer capture helper
ii  kismet-capture-rz-killerbee                      2023.07.R1-0kali6                         amd64        Kismet Killerbee Sniffer capture helper
ii  kismet-capture-ti-cc-2531                        2023.07.R1-0kali6                         amd64        Kismet TICC2531 802.15.4 Zigbee Sniffer capture helper
ii  kismet-capture-ti-cc-2540                        2023.07.R1-0kali6                         amd64        Kismet TICC2540 BTLE Sniffer capture helper
ii  kismet-capture-ubertooth-one                     2023.07.R1-0kali6                         amd64        Kismet Ubertooth One BT Sniffer capture helper
ii  kismet-core                                      2023.07.R1-0kali6                         amd64        Kismet Core wireless network and device detector
ii  kismet-logtools                                  2023.07.R1-0kali6                         amd64        wireless network and device detector
ii  libradare2-5.0.0t64:amd64                        5.9.4+dfsg-1+b1                           amd64        libraries from the radare2 suite
ii  libradare2-common                                5.9.4+dfsg-1                              all          arch independent files from the radare2 suite
ii  libradare2-dev                                   5.9.4+dfsg-1+b1                           amd64        devel files from the radare2 suite
ii  libwireshark-data                                4.4.0-1                                   all          network packet dissection library -- data files
ii  libwireshark18:amd64                             4.4.0-1                                   amd64        network packet dissection library -- shared library
ii  metasploit-framework                             6.4.34-0kali1                             amd64        Framework for exploit development and vulnerability research
ii  nikto                                            1:2.5.0+git20230114.90ff645-0kali1        all          web server security scanner
ii  nmap                                             7.94+git20230807.3be01efb1+dfsg-4kali3    amd64        The Network Mapper
ii  nmap-common                                      7.94+git20230807.3be01efb1+dfsg-4kali3    all          Architecture independent files for nmap
ii  python3-kismetcapturebtgeiger                    2023.07.R1-0kali6                         all          Kismet BTLE geiger datasource
ii  python3-kismetcapturefreaklabszigbee             2023.07.R1-0kali6                         all          Kismet Freaklabs Zigbee datasource
ii  python3-kismetcapturertl433                      2023.07.R1-0kali6                         all          Kismet rtl_433 datasource
ii  python3-kismetcapturertladsb                     2023.07.R1-0kali6                         all          Kismet rtladsb datasource
ii  python3-kismetcapturertlamr                      2023.07.R1-0kali6                         all          Kismet rtlamr datasource
ii  python3-libnmap                                  0.7.3-1                                   all          Python 3 NMAP library
ii  python3-pyexploitdb                              0.2.54-0kali1                             all          library to fetch the most recent exploit-database (Python 3)
ii  python3-pymetasploit3                            1.0.3+git20240405.b04ef99-0kali1          all          full-fledged Metasploit automation library (Python 3)
ii  radare2                                          5.9.4+dfsg-1+b1                           amd64        free and advanced command line hexadecimal editor
ii  reaver                                           1.6.6-2+b1                                amd64        brute force attack tool against Wi-Fi Protected Setup PIN number
ii  recon-ng                                         5.1.2-1.2                                 all          Web Reconnaissance framework written in Python
ii  rz-ghidra                                        0.7.0-0kali1+b1                           amd64        ghidra decompiler and sleigh disassembler for rizin
ii  sqlmap                                           1.8.11-1                                  all          automatic SQL injection tool
ii  tcpdump                                          4.99.5-1                                  amd64        command-line network traffic analyzer
ii  tcpreplay                                        4.5.1-1                                   amd64        Tool to replay saved tcpdump files at arbitrary speeds
ii  theharvester                                     4.6.0-0kali1                              all          tool for gathering e-mail accounts and subdomain names from public sources
ii  tshark                                           4.4.0-1                                   amd64        network traffic analyzer - console version
ii  wifite                                           2.7.0-2                                   all          Python script to automate wireless auditing using aircrack-ng tools
ii  wireshark                                        4.4.0-1                                   amd64        network traffic analyzer - graphical interface
ii  wireshark-common                                 4.4.0-1                                   amd64        network traffic analyzer - common files
ii  zenmap                                           7.94+git20230807.3be01efb1+dfsg-4kali3    all          The Network Mapper Front End

# SECTION: INSTALLED UTILITY SOFTWARE

[2025-01-31 07:33:21]
=== Common System Utilities ===
 - /usr/bin/curl
 - /usr/bin/wget
 - /usr/bin/nano
 - /usr/bin/vim
 - /usr/bin/tmux
 - /usr/bin/screen
 - /usr/bin/lsof
 - /usr/bin/tcpdump

[2025-01-31 07:33:21]
=== Compression & Archiving Tools ===
 - /usr/bin/tar
 - /usr/bin/zip
 - /usr/bin/unzip
 - /usr/bin/gzip
 - /usr/bin/bzip2
 - /usr/bin/7z

[2025-01-31 07:33:21]
=== Programming Languages & Interpreters ===
 - /usr/bin/python
 - /usr/bin/python3
 - /usr/bin/perl
 - /usr/bin/ruby
 - /usr/bin/php
 - /usr/bin/gcc
 - /usr/bin/clang
 - /usr/bin/make

[2025-01-31 07:33:21]
=== Debugging & Forensics Tools ===
 - /usr/bin/gdb
 - /usr/bin/ldd
 - /usr/bin/objdump
 - /usr/bin/strings
 - /usr/bin/hexdump
 - /usr/bin/radare2

[2025-01-31 07:33:21]
=== System Monitoring & Performance ===
 - /usr/bin/top
 - /usr/bin/sar
 - /usr/bin/vmstat

[2025-01-31 07:33:21]
=== Network Diagnostic Tools ===
 - /usr/bin/ping
 - /usr/sbin/traceroute
 - /usr/bin/whois
 - /usr/bin/dig
 - /usr/bin/nslookup
 - /usr/sbin/arp-scan
 - /usr/bin/netcat
 - /usr/bin/socat

[2025-01-31 07:33:21]
=== File Transfer & Remote Access ===
 - /usr/bin/rsync
 - /usr/bin/scp
 - /usr/bin/ssh
 - /usr/bin/ftp
 - /usr/bin/sftp
 - /usr/bin/smbclient

[2025-01-31 07:33:21]
=== Package Managers ===
 - /usr/bin/apt

# SECTION: ATTACK SURFACE ANALYSIS

=== Persistence ===
crontab systemctl 

=== Privilege Escalation ===
sudo gcc make setcap capsh pkexec 

=== Container & Cloud Exploits ===


=== Defense Evasion ===
shred logrotate chattr 

=== Network Reconnaissance ===
nmap wireshark tcpdump gobuster amass 

=== Credential Dumping ===
mimikatz john hashcat 

=== Lateral Movement ===
ssh smbclient rdesktop xfreerdp 

=== Exfiltration ===
scp rsync netcat curl 

